<?xml version="1.0" encoding="UTF-8"?>
<!-- Generated by org.testng.reporters.JUnitXMLReporter -->
<testsuite ignored="0" hostname="DESKTOP-FAJQKD3" failures="0" tests="4" name="Test" time="48.892" errors="0" timestamp="2026-09-01T18:36:07 IST">
  <testcase classname="Flipcart.Flipcart_Automation.Bestseller" name="bestseller" time="17.912"/>
  <testcase classname="Flipcart.Flipcart_Automation.Bestseller" name="bestseller" time="16.678"/>
  <testcase classname="Flipcart.Flipcart_Automation.AmazonSearch" name="searchMobile" time="6.655"/>
  <testcase classname="Flipcart.Flipcart_Automation.AmazonSearch" name="searchMobile" time="6.262"/>
</testsuite> <!-- Test -->
