<?xml version="1.0" encoding="UTF-8"?>
<testsuite xmlns:xsi="http://www.w3.org/2001/XMLSchema-instance" xsi:noNamespaceSchemaLocation="https://maven.apache.org/surefire/maven-surefire-plugin/xsd/surefire-test-report-3.0.xsd" version="3.0" name="TestSuite" time="47.864" tests="4" errors="0" skipped="0" failures="0">
  <properties>
[...]
</properties>
  <testcase name="searchMobile[{resultItem=OnePlus N6x, product=mobile, productCategory=phone under 2000+0}](1)" classname="Flipcart.Flipcart_Automation.AmazonSearch" time="11.331">
    <system-out><![CDATA[12

by internal memory
phone under 20000
phone under 2000+0
Results
OnePlus N6 | 6GB+128GB | Midnight Green | Segment's Biggest 8000mAh Battery | Segment's Fastest 45W Charging | 60-Month Smoothness | Smooth 120Hz Display | 50MP Camera | Military-Grade Durability
OnePlus Nord CE6 Lite | 6GB+128GB | Hyper Black | Segment's Fastest Dimensity 7400 Apex Processor | 7000mAh Battery | Segment's Highest 144Hz Refresh Rate | 50MP Main Camera, 4K Video Recording
Nokia All-new 105 Single Sim Keypad Phone with Built-in Phone Pay app, Long-Lasting Battery, Wireless FM Radio| 1 Year Replacement Guarantee | Charcoal
Nokia 105 Classic | Single Sim Keypad Phone with Built-in UPI Payments, Long-Lasting Battery, Wireless FM Radio, Charger in-Box | Charcoal
OnePlus N6x | 4GB+64GB | Ice Blue | 7000mAh Battery | Power for Days | 36-Months Smoothness | Smooth 120Hz Display | Largest 5300mm2 Cooling System | Military-Grade Durability
search pass
Hurray!!!!!!
]]></system-out>
    <system-err><![CDATA[SLF4J(W): No SLF4J providers were found.
SLF4J(W): Defaulting to no-operation (NOP) logger implementation
SLF4J(W): See https://www.slf4j.org/codes.html#noProviders for further details.
]]></system-err>
  </testcase>
  <testcase name="searchMobile[{resultItem=Xiaomi 189 cm, product=television, productCategory=65+ inch}](2)" classname="Flipcart.Flipcart_Automation.AmazonSearch" time="8.904">
    <system-out><![CDATA[10
32 inch
32 + inch
43 inch smart tv
55+ inch
55 inch
65+ inch
Results
TCL 164 cm (65 inches) 4K Ultra HD Smart QLED Google TV | HDR 10+ | 120Hz Game Accelarator | Dolby Vision & Atmos | 30W Speaker Output | 65T6D
TCL 164 cm (65 Inches) 4K UHD Smart QD-Mini LED Google TV | 144Hz Refresh Rate | 3GB RAM | 46W Onkyo 2.1 | Upto 512+ Zones | IMAX Enhanced | 65Q6C
Sony 164 cm (65 inches) BRAVIA 2M2 Series 4K Ultra HD Smart LED Google TV K-65S25BM2
Samsung 65 inches Crystal UHD 4K Samsung Vision AI Smart TV UA65UE85AHULXL
Samsung 75 inches 4K Mini LED Samsung Vision AI Smart TV UA75M2EHAULXL
PHILIPS 217 cm (85 inch) 8101 Series 4K Ultra HD Smart QLED Google TV 85PQT8101/94
PHILIPS 165 cm (65 inches) 8100 Series 4K Ultra HD Smart QLED Google TV 65PQT8100/94
VW 165 cm (65 inches) Pro Series 4K Ultra HD Smart QLED Google TV VW65GQ2
TCL 164 cm (65 inches) 4K Ultra HD Smart LED Google TV | 4K HDR | Dolby Vision & Atmos | MEMC | 65V6C
LG 164 cms (65 inches) NU87 AI Series Nano 4K Ultra HD (3840 x 2160) Smart webOS LED TV 65NU870BPLA 2026
iFFALCON 164 cm (65 Inches) 4K UHD Smart LED Google TV | 120Hz VRR | Dolby Vision & Atmos | Game Master | 65U65
LG 164 cms (65 inches) NU87 AI Series Nano 4K Ultra HD (3840 x 2160) Smart webOS LED TV 65NU870BPLA 2026
TCL 164 cm (65 inches) 4K Ultra HD Smart LED Google TV | 4K HDR | Dolby Vision & Atmos | MEMC | 65V6C
TCL 164 cm (65 Inches) 4K UHD Smart QD-Mini LED Google TV | 144Hz Refresh Rate | 3GB RAM | 46W Onkyo 2.1 | Upto 512+ Zones | IMAX Enhanced | 65Q6C
Sony 164 cm (65 inches) BRAVIA 3II Ultra HD Smart LED Google TV K-65XR30M2
Samsung 163 cm (65 inches) Vision AI 4K Ultra HD Smart QLED TV QA65QEF1AULXL
Kodak 164 cm (65 inches) Matrix 2025 Edition Ultra HD (4K) QLED Android Google TV 65ST5035 (Black)
Xiaomi Smart TV X Pro QLED Series 65 (165 cm) L65MB-APIN(Black)
Samsung 65 inches Neo QLED 4K Samsung Vision AI Smart TV QA65QN2EHAULXL
Sony 164 cm (65 inches) BRAVIA 8M2 Series 4K Ultra HD Smart OLED Google TV K-65XR80M2
Samsung 65 inches Mini LED 4K Samsung Vision AI Smart TV UA65M2EHAULXL
LG 164 cms (65 inches) Mini LED 4K Ultra HD (3840 x 2160) Smart webOS QNED evo Mini LED TV 65QNED82BLA 2026
Hurray!!!!!!
]]></system-out>
  </testcase>
  <testcase name="bestseller[{productItem=Frido Cloud Comfort Slippers, ExpectedProductItem=Frido Cloud Comfort Arch Support Slippers for Women &amp; Men}](1)" classname="Flipcart.Flipcart_Automation.Bestseller" time="2.855">
    <system-out><![CDATA[Hurray!!!!!!
]]></system-out>
  </testcase>
  <testcase name="bestseller[{productItem=ASIAN Wonder-13 Men&apos;s Running Shoe, ExpectedProductItem=ASIAN Men&apos;s Wonder-13}](2)" classname="Flipcart.Flipcart_Automation.Bestseller" time="18.477">
    <system-out><![CDATA[Hurray!!!!!!
]]></system-out>
  </testcase>
</testsuite>