<?xml version="1.0" encoding="UTF-8"?>
<!-- Generated by org.testng.reporters.JUnitReportReporter -->
<testsuite hostname="DESKTOP-FAJQKD3" failures="0" tests="2" name="Flipcart.Flipcart_Automation.Bestseller" time="43.626" errors="0" timestamp="2026-09-01T18:42:38 IST" skipped="0">
  <testcase classname="Flipcart.Flipcart_Automation.Bestseller" name="bestseller" time="20.744"/>
  <testcase classname="Flipcart.Flipcart_Automation.Bestseller" name="bestseller" time="22.882"/>
</testsuite> <!-- Flipcart.Flipcart_Automation.Bestseller -->
