<?xml version="1.0" encoding="UTF-8"?>
<!-- Generated by org.testng.reporters.JUnitReportReporter -->
<testsuite hostname="DESKTOP-FAJQKD3" failures="0" tests="2" name="CucumberTopuop.TestNGTestRunner" time="28.268" errors="0" timestamp="2026-09-03T10:51:52 IST" skipped="0">
  <testcase classname="CucumberTopuop.TestNGTestRunner" name="runScenario" time="17.616"/>
  <testcase classname="CucumberTopuop.TestNGTestRunner" name="runScenario" time="10.652"/>
</testsuite> <!-- CucumberTopuop.TestNGTestRunner -->
