<?xml version="1.0" encoding="UTF-8"?>
<!-- Generated by org.testng.reporters.JUnitReportReporter -->
<testsuite hostname="DESKTOP-FAJQKD3" failures="0" tests="2" name="Flipcart.Flipcart_Automation.AmazonSearch" time="32.379" errors="0" timestamp="2026-09-03T10:54:55 IST" skipped="0">
  <testcase classname="Flipcart.Flipcart_Automation.AmazonSearch" name="searchMobile" time="17.291"/>
  <testcase classname="Flipcart.Flipcart_Automation.AmazonSearch" name="searchMobile" time="15.088"/>
</testsuite> <!-- Flipcart.Flipcart_Automation.AmazonSearch -->
