<?xml version="1.0" encoding="UTF-8"?>
<!-- Generated by org.testng.reporters.JUnitReportReporter -->
<testsuite hostname="DESKTOP-FAJQKD3" failures="0" tests="2" name="Flipcart.Flipcart_Automation.Bestseller" time="46.758" errors="0" timestamp="2026-09-03T10:54:55 IST" skipped="0">
  <testcase classname="Flipcart.Flipcart_Automation.Bestseller" name="bestseller" time="20.478"/>
  <testcase classname="Flipcart.Flipcart_Automation.Bestseller" name="bestseller" time="26.280"/>
</testsuite> <!-- Flipcart.Flipcart_Automation.Bestseller -->
